app/build/outputs/logs/manifest-merger-debug-report.txt
-- Merging decision tree log ---
manifest
ADDED from src\main\AndroidManifest.xml:2:1-19:12
	package
		ADDED from src\main\AndroidManifest.xml:3:7-34
		INJECTED from src\main\AndroidManifest.xml
		INJECTED from src\main\AndroidManifest.xml
	android:versionName
		ADDED from src\main\AndroidManifest.xml:4:38-65
		INJECTED from src\main\AndroidManifest.xml
		INJECTED from src\main\AndroidManifest.xml
	android:versionCode
		ADDED from src\main\AndroidManifest.xml:4:66-89
		INJECTED from src\main\AndroidManifest.xml
		INJECTED from src\main\AndroidManifest.xml
	xmlns:android
		ADDED from src\main\AndroidManifest.xml:2:11-69
	android:installLocation
		ADDED from src\main\AndroidManifest.xml:4:7-37
application
ADDED from src\main\AndroidManifest.xml:5:5-14:19
	android:label
		ADDED from src\main\AndroidManifest.xml:5:48-80
	android:icon
		ADDED from src\main\AndroidManifest.xml:5:18-47
	android:theme
		ADDED from src\main\AndroidManifest.xml:5:81-128
activity#com.gzmilgar.calc.Calc
ADDED from src\main\AndroidManifest.xml:6:9-12:20
	android:label
		ADDED from src\main\AndroidManifest.xml:7:19-51
	android:name
		ADDED from src\main\AndroidManifest.xml:6:19-39
intent-filter#android.intent.action.MAIN+android.intent.category.LAUNCHER
ADDED from src\main\AndroidManifest.xml:8:13-11:29
action#android.intent.action.MAIN
ADDED from src\main\AndroidManifest.xml:9:17-69
	android:name
		ADDED from src\main\AndroidManifest.xml:9:25-66
category#android.intent.category.LAUNCHER
ADDED from src\main\AndroidManifest.xml:10:17-77
	android:name
		ADDED from src\main\AndroidManifest.xml:10:27-74
uses-sdk
ADDED from src\main\AndroidManifest.xml:16:2-18:4
	android:targetSdkVersion
		ADDED from src\main\AndroidManifest.xml:16:12-40
		INJECTED from src\main\AndroidManifest.xml
		INJECTED from src\main\AndroidManifest.xml
	android:minSdkVersion
		ADDED from src\main\AndroidManifest.xml:17:2-27
		INJECTED from src\main\AndroidManifest.xml
		INJECTED from src\main\AndroidManifest.xml